# JRE version: Java(TM) SE Runtime Environment (8.0_131-b11) (build 1.8.0_131-b11)
# Java VM: Java HotSpot(TM) 64-Bit Server VM (25.131-b11 mixed mode windows-amd64 compressed oops)
Heap:
 PSYoungGen      total 37888K, used 34009K [0x00000000eb400000, 0x00000000eed00000, 0x0000000100000000)
  eden space 32256K, 98% used [0x00000000eb400000,0x00000000ed2ea918,0x00000000ed380000)
  from space 5632K, 41% used [0x00000000ed380000,0x00000000ed5cbe78,0x00000000ed900000)
  to   space 5632K, 0% used [0x00000000ee780000,0x00000000ee780000,0x00000000eed00000)
 ParOldGen       total 28160K, used 7413K [0x00000000c1c00000, 0x00000000c3780000, 0x00000000eb400000)
  object space 28160K, 26% used [0x00000000c1c00000,0x00000000c233d478,0x00000000c3780000)
 Metaspace       used 23939K, capacity 24958K, committed 25088K, reserved 1071104K
  class space    used 3243K, capacity 3469K, committed 3584K, reserved 1048576K
GC Heap History (10 events):
Event: 4.598 GC heap before
{Heap before GC invocations=8 (full 0):
 PSYoungGen      total 37888K, used 37271K [0x00000000eb400000, 0x00000000ede00000, 0x0000000100000000)
  eden space 32768K, 100% used [0x00000000eb400000,0x00000000ed400000,0x00000000ed400000)
  from space 5120K, 87% used [0x00000000ed400000,0x00000000ed865e10,0x00000000ed900000)
  to   space 5120K, 0% used [0x00000000ed900000,0x00000000ed900000,0x00000000ede00000)
 ParOldGen       total 44032K, used 5908K [0x00000000c1c00000, 0x00000000c4700000, 0x00000000eb400000)
  object space 44032K, 13% used [0x00000000c1c00000,0x00000000c21c5278,0x00000000c4700000)
 Metaspace       used 19541K, capacity 20210K, committed 20480K, reserved 1067008K
  class space    used 2566K, capacity 2741K, committed 2816K, reserved 1048576K
Event: 4.603 GC heap after
Heap after GC invocations=8 (full 0):
 PSYoungGen      total 37888K, used 4315K [0x00000000eb400000, 0x00000000ede00000, 0x0000000100000000)
  eden space 32768K, 0% used [0x00000000eb400000,0x00000000eb400000,0x00000000ed400000)
  from space 5120K, 84% used [0x00000000ed900000,0x00000000edd36fb0,0x00000000ede00000)
  to   space 5120K, 0% used [0x00000000ed400000,0x00000000ed400000,0x00000000ed900000)
 ParOldGen       total 44032K, used 6657K [0x00000000c1c00000, 0x00000000c4700000, 0x00000000eb400000)
  object space 44032K, 15% used [0x00000000c1c00000,0x00000000c2280450,0x00000000c4700000)
 Metaspace       used 19541K, capacity 20210K, committed 20480K, reserved 1067008K
  class space    used 2566K, capacity 2741K, committed 2816K, reserved 1048576K
}
Event: 5.050 GC heap before
{Heap before GC invocations=9 (full 0):
 PSYoungGen      total 37888K, used 19655K [0x00000000eb400000, 0x00000000ede00000, 0x0000000100000000)
  eden space 32768K, 46% used [0x00000000eb400000,0x00000000ec2faf58,0x00000000ed400000)
  from space 5120K, 84% used [0x00000000ed900000,0x00000000edd36fb0,0x00000000ede00000)
  to   space 5120K, 0% used [0x00000000ed400000,0x00000000ed400000,0x00000000ed900000)
 ParOldGen       total 44032K, used 6657K [0x00000000c1c00000, 0x00000000c4700000, 0x00000000eb400000)
  object space 44032K, 15% used [0x00000000c1c00000,0x00000000c2280450,0x00000000c4700000)
 Metaspace       used 20497K, capacity 21210K, committed 21296K, reserved 1067008K
  class space    used 2703K, capacity 2877K, committed 2944K, reserved 1048576K
Event: 5.056 GC heap after
Heap after GC invocations=9 (full 0):
 PSYoungGen      total 37888K, used 2612K [0x00000000eb400000, 0x00000000ede00000, 0x0000000100000000)
  eden space 32768K, 0% used [0x00000000eb400000,0x00000000eb400000,0x00000000ed400000)
  from space 5120K, 51% used [0x00000000ed400000,0x00000000ed68d340,0x00000000ed900000)
  to   space 5120K, 0% used [0x00000000ed900000,0x00000000ed900000,0x00000000ede00000)
 ParOldGen       total 44032K, used 7273K [0x00000000c1c00000, 0x00000000c4700000, 0x00000000eb400000)
  object space 44032K, 16% used [0x00000000c1c00000,0x00000000c231a460,0x00000000c4700000)
 Metaspace       used 20497K, capacity 21210K, committed 21296K, reserved 1067008K
  class space    used 2703K, capacity 2877K, committed 2944K, reserved 1048576K
}
Event: 5.056 GC heap before
{Heap before GC invocations=10 (full 1):
 PSYoungGen      total 37888K, used 2612K [0x00000000eb400000, 0x00000000ede00000, 0x0000000100000000)
  eden space 32768K, 0% used [0x00000000eb400000,0x00000000eb400000,0x00000000ed400000)
  from space 5120K, 51% used [0x00000000ed400000,0x00000000ed68d340,0x00000000ed900000)
  to   space 5120K, 0% used [0x00000000ed900000,0x00000000ed900000,0x00000000ede00000)
 ParOldGen       total 44032K, used 7273K [0x00000000c1c00000, 0x00000000c4700000, 0x00000000eb400000)
  object space 44032K, 16% used [0x00000000c1c00000,0x00000000c231a460,0x00000000c4700000)
 Metaspace       used 20497K, capacity 21210K, committed 21296K, reserved 1067008K
  class space    used 2703K, capacity 2877K, committed 2944K, reserved 1048576K
Event: 5.100 GC heap after
Heap after GC invocations=10 (full 1):
 PSYoungGen      total 37888K, used 0K [0x00000000eb400000, 0x00000000ede00000, 0x0000000100000000)
  eden space 32768K, 0% used [0x00000000eb400000,0x00000000eb400000,0x00000000ed400000)
  from space 5120K, 0% used [0x00000000ed400000,0x00000000ed400000,0x00000000ed900000)
  to   space 5120K, 0% used [0x00000000ed900000,0x00000000ed900000,0x00000000ede00000)
 ParOldGen       total 28160K, used 6269K [0x00000000c1c00000, 0x00000000c3780000, 0x00000000eb400000)
  object space 28160K, 22% used [0x00000000c1c00000,0x00000000c221f478,0x00000000c3780000)
 Metaspace       used 20497K, capacity 21210K, committed 21296K, reserved 1067008K
  class space    used 2703K, capacity 2877K, committed 2944K, reserved 1048576K
}
Event: 5.778 GC heap before
{Heap before GC invocations=11 (full 1):
 PSYoungGen      total 37888K, used 32768K [0x00000000eb400000, 0x00000000ede00000, 0x0000000100000000)
  eden space 32768K, 100% used [0x00000000eb400000,0x00000000ed400000,0x00000000ed400000)
  from space 5120K, 0% used [0x00000000ed400000,0x00000000ed400000,0x00000000ed900000)
  to   space 5120K, 0% used [0x00000000ed900000,0x00000000ed900000,0x00000000ede00000)
 ParOldGen       total 28160K, used 6269K [0x00000000c1c00000, 0x00000000c3780000, 0x00000000eb400000)
  object space 28160K, 22% used [0x00000000c1c00000,0x00000000c221f478,0x00000000c3780000)
 Metaspace       used 21997K, capacity 22882K, committed 22912K, reserved 1069056K
  class space    used 2962K, capacity 3175K, committed 3200K, reserved 1048576K
Event: 5.781 GC heap after
Heap after GC invocations=11 (full 1):
 PSYoungGen      total 37376K, used 2162K [0x00000000eb400000, 0x00000000eee80000, 0x0000000100000000)
  eden space 32256K, 0% used [0x00000000eb400000,0x00000000eb400000,0x00000000ed380000)
  from space 5120K, 42% used [0x00000000ed900000,0x00000000edb1c8b8,0x00000000ede00000)
  to   space 5632K, 0% used [0x00000000ed380000,0x00000000ed380000,0x00000000ed900000)
 ParOldGen       total 28160K, used 6269K [0x00000000c1c00000, 0x00000000c3780000, 0x00000000eb400000)
  object space 28160K, 22% used [0x00000000c1c00000,0x00000000c221f478,0x00000000c3780000)
 Metaspace       used 21997K, capacity 22882K, committed 22912K, reserved 1069056K
  class space    used 2962K, capacity 3175K, committed 3200K, reserved 1048576K
}
Event: 7.586 GC heap before
{Heap before GC invocations=12 (full 1):
 PSYoungGen      total 37376K, used 34418K [0x00000000eb400000, 0x00000000eee80000, 0x0000000100000000)
  eden space 32256K, 100% used [0x00000000eb400000,0x00000000ed380000,0x00000000ed380000)
  from space 5120K, 42% used [0x00000000ed900000,0x00000000edb1c8b8,0x00000000ede00000)
  to   space 5632K, 0% used [0x00000000ed380000,0x00000000ed380000,0x00000000ed900000)
 ParOldGen       total 28160K, used 6269K [0x00000000c1c00000, 0x00000000c3780000, 0x00000000eb400000)
  object space 28160K, 22% used [0x00000000c1c00000,0x00000000c221f478,0x00000000c3780000)
 Metaspace       used 23062K, capacity 24042K, committed 24448K, reserved 1071104K
  class space    used 3114K, capacity 3327K, committed 3456K, reserved 1048576K
Event: 7.595 GC heap after
Heap after GC invocations=12 (full 1):
 PSYoungGen      total 37888K, used 2351K [0x00000000eb400000, 0x00000000eed00000, 0x0000000100000000)
  eden space 32256K, 0% used [0x00000000eb400000,0x00000000eb400000,0x00000000ed380000)
  from space 5632K, 41% used [0x00000000ed380000,0x00000000ed5cbe78,0x00000000ed900000)
  to   space 5632K, 0% used [0x00000000ee780000,0x00000000ee780000,0x00000000eed00000)
 ParOldGen       total 28160K, used 7413K [0x00000000c1c00000, 0x00000000c3780000, 0x00000000eb400000)
  object space 28160K, 26% used [0x00000000c1c00000,0x00000000c233d478,0x00000000c3780000)
 Metaspace       used 23062K, capacity 24042K, committed 24448K, reserved 1071104K
  class space    used 3114K, capacity 3327K, committed 3456K, reserved 1048576K
}

